#
# There is insufficient memory for the Java Runtime Environment to continue.
# Native memory allocation (mmap) failed to map 268435456 bytes for Failed to commit area from 0x0000000701000000 to 0x0000000711000000 of length 268435456.
# Possible reasons:
#   The system is out of physical RAM or swap space
#   The process is running with CompressedOops enabled, and the Java Heap may be blocking the growth of the native heap
# Possible solutions:
#   Reduce memory load on the system
#   Increase physical memory or swap space
#   Check if swap backing store is full
#   Decrease Java heap size (-Xmx/-Xms)
#   Decrease number of Java threads
#   Decrease Java thread stack sizes (-Xss)
#   Set larger code cache with -XX:ReservedCodeCacheSize=
# This output file may be truncated or incomplete.
#
#  Out of Memory Error (src/hotspot/os/windows/os_windows.cpp:3627), pid=11600, tid=10348
#
# JRE version:  (11.0.15+10) (build )
# Java VM: OpenJDK 64-Bit Server VM (11.0.15+10-b2043.56, mixed mode, sharing, tiered, compressed oops, g1 gc, windows-amd64)
# No core dump will be written. Minidumps are not enabled by default on client versions of Windows
#

---------------  S U M M A R Y ------------

Command Line: externalApp.nativessh.NativeSshAskPassApp Enter passphrase for key '/c/Users/pLumbum82/.ssh/id_ed25519': 

Host: AMD Ryzen 5 2600 Six-Core Processor            , 12 cores, 15G,  Windows 10 , 64 bit Build 19041 (10.0.19041.2364)
Time: Mon Jan 16 23:30:22 2023 RTZ 4 (s 10 , 64 bit Build 19041 (10.0.19041.2364) elapsed time: 0.012483 seconds (0d 0h 0m 0s)

---------------  T H R E A D  ---------------

Current thread (0x000001c6ab89d000):  JavaThread "Unknown thread" [_thread_in_vm, id=10348, stack(0x0000004ca5500000,0x0000004ca5600000)]

Stack: [0x0000004ca5500000,0x0000004ca5600000]
Native frames: (J=compiled Java code, j=interpreted, Vv=VM code, C=native code)
V  [jvm.dll+0x61612a]
V  [jvm.dll+0x79c450]
V  [jvm.dll+0x79da6d]
V  [jvm.dll+0x79e143]
V  [jvm.dll+0x24cc18]
V  [jvm.dll+0x613174]
V  [jvm.dll+0x607e55]
V  [jvm.dll+0x30b1cb]
V  [jvm.dll+0x30b13a]
V  [jvm.dll+0x30b012]
V  [jvm.dll+0x30ff76]
V  [jvm.dll+0x35b4c3]
V  [jvm.dll+0x35bbc6]
V  [jvm.dll+0x35b5c3]
V  [jvm.dll+0x2e5918]
V  [jvm.dll+0x2e6ab7]
V  [jvm.dll+0x7794f7]
V  [jvm.dll+0x77acec]
V  [jvm.dll+0x368a59]
V  [jvm.dll+0x75ce8e]
V  [jvm.dll+0x3d6a33]
V  [jvm.dll+0x3d9001]
C  [jli.dll+0x536b]
C  [ucrtbase.dll+0x21bb2]
C  [KERNEL32.DLL+0x17614]
C  [ntdll.dll+0x526a1]


---------------  P R O C E S S  ---------------

Threads class SMR info:
_java_thread_list=0x000001c6a96052c0, length=0, elements={
}

Java Threads: ( => current thread )

Other Threads:
  0x000001c6ab8b6800 GCTaskThread "GC Thread#0" [stack: 0x0000004ca5600000,0x0000004ca5700000] [id=7888]
  0x000001c6ab914800 ConcurrentGCThread "G1 Main Marker" [stack: 0x0000004ca5700000,0x0000004ca5800000] [id=10100]
  0x000001c6ab915800 ConcurrentGCThread "G1 Conc#0" [stack: 0x0000004ca5800000,0x0000004ca5900000] [id=9760]

[error occurred during error reporting (printing all threads), id 0xc0000005, EXCEPTION_ACCESS_VIOLATION (0xc0000005) at pc=0x00007ffefa516017]

VM state:not at safepoint (not fully initialized)

VM Mutex/Monitor currently owned by a thread:  ([mutex/lock_event])
[0x000001c6ab899360] Heap_lock - owner thread: 0x000001c6ab89d000

Heap address: 0x0000000701000000, size: 4080 MB, Compressed Oops mode: Non-zero based: 0x0000000701000000
Narrow klass base: 0x0000000000000000, Narrow klass shift: 0

GC Heap History (0 events):
No events

Deoptimization events (0 events):
No events

Classes redefined (0 events):
No events

Internal exceptions (0 events):
No events

Events (1 events):
Event: 0.008 Loaded shared library C:\Program Files\JetBrains\IntelliJ IDEA 2022.1.2\jbr\bin\zip.dll


Dynamic libraries:
0x00007ff728690000 - 0x00007ff72869a000 	C:\Program Files\JetBrains\IntelliJ IDEA 2022.1.2\jbr\bin\java.exe
0x00007fff67830000 - 0x00007fff67a28000 	C:\WINDOWS\SYSTEM32\ntdll.dll
0x00007fff65840000 - 0x00007fff658ff000 	C:\WINDOWS\System32\KERNEL32.DLL
0x00007fff65280000 - 0x00007fff65552000 	C:\WINDOWS\System32\KERNELBASE.dll
0x00007fff65590000 - 0x00007fff65690000 	C:\WINDOWS\System32\ucrtbase.dll
0x00007fff61c90000 - 0x00007fff61ca9000 	C:\Program Files\JetBrains\IntelliJ IDEA 2022.1.2\jbr\bin\jli.dll
0x00007fff4bd00000 - 0x00007fff4bd16000 	C:\Program Files\JetBrains\IntelliJ IDEA 2022.1.2\jbr\bin\VCRUNTIME140.dll
0x00007fff66970000 - 0x00007fff66b11000 	C:\WINDOWS\System32\USER32.dll
0x00007fff4bfc0000 - 0x00007fff4c25a000 	C:\WINDOWS\WinSxS\amd64_microsoft.windows.common-controls_6595b64144ccf1df_6.0.19041.1110_none_60b5254171f9507e\COMCTL32.dll
0x00007fff64ef0000 - 0x00007fff64f12000 	C:\WINDOWS\System32\win32u.dll
0x00007fff66070000 - 0x00007fff6610e000 	C:\WINDOWS\System32\msvcrt.dll
0x00007fff66ee0000 - 0x00007fff66f0b000 	C:\WINDOWS\System32\GDI32.dll
0x00007fff65690000 - 0x00007fff6579f000 	C:\WINDOWS\System32\gdi32full.dll
0x00007fff657a0000 - 0x00007fff6583d000 	C:\WINDOWS\System32\msvcp_win.dll
0x00007fff67320000 - 0x00007fff67352000 	C:\WINDOWS\System32\IMM32.DLL
0x00007fff48760000 - 0x00007fff4880a000 	C:\Program Files\JetBrains\IntelliJ IDEA 2022.1.2\jbr\bin\msvcp140.dll
0x00007ffefa220000 - 0x00007ffefad9b000 	C:\Program Files\JetBrains\IntelliJ IDEA 2022.1.2\jbr\bin\server\jvm.dll
0x00007fff66f20000 - 0x00007fff66fce000 	C:\WINDOWS\System32\ADVAPI32.dll
0x00007fff67510000 - 0x00007fff675ac000 	C:\WINDOWS\System32\sechost.dll
0x00007fff663d0000 - 0x00007fff664f5000 	C:\WINDOWS\System32\RPCRT4.dll
0x00007fff67360000 - 0x00007fff67368000 	C:\WINDOWS\System32\PSAPI.DLL
0x00007fff61d10000 - 0x00007fff61d19000 	C:\WINDOWS\SYSTEM32\WSOCK32.dll
0x00007fff5c570000 - 0x00007fff5c597000 	C:\WINDOWS\SYSTEM32\WINMM.dll
0x00007fff5ee40000 - 0x00007fff5ee4a000 	C:\WINDOWS\SYSTEM32\VERSION.dll
0x00007fff67370000 - 0x00007fff673db000 	C:\WINDOWS\System32\WS2_32.dll
0x00007fff62dd0000 - 0x00007fff62de2000 	C:\WINDOWS\SYSTEM32\kernel.appcore.dll
0x00007fff61cf0000 - 0x00007fff61d01000 	C:\Program Files\JetBrains\IntelliJ IDEA 2022.1.2\jbr\bin\verify.dll
0x00007fff5f050000 - 0x00007fff5f234000 	C:\WINDOWS\SYSTEM32\DBGHELP.DLL
0x00007fff52bf0000 - 0x00007fff52c25000 	C:\WINDOWS\SYSTEM32\dbgcore.DLL
0x00007fff64fd0000 - 0x00007fff65052000 	C:\WINDOWS\System32\bcryptPrimitives.dll
0x00007fff61be0000 - 0x00007fff61c09000 	C:\Program Files\JetBrains\IntelliJ IDEA 2022.1.2\jbr\bin\java.dll
0x00007fff61ce0000 - 0x00007fff61ceb000 	C:\Program Files\JetBrains\IntelliJ IDEA 2022.1.2\jbr\bin\jimage.dll
0x00007fff5c860000 - 0x00007fff5c879000 	C:\Program Files\JetBrains\IntelliJ IDEA 2022.1.2\jbr\bin\zip.dll

dbghelp: loaded successfully - version: 4.0.5 - missing functions: none
symbol engine: initialized successfully - sym options: 0x614 - pdb path: .;C:\Program Files\JetBrains\IntelliJ IDEA 2022.1.2\jbr\bin;C:\WINDOWS\SYSTEM32;C:\WINDOWS\WinSxS\amd64_microsoft.windows.common-controls_6595b64144ccf1df_6.0.19041.1110_none_60b5254171f9507e;C:\Program Files\JetBrains\IntelliJ IDEA 2022.1.2\jbr\bin\server

VM Arguments:
java_command: externalApp.nativessh.NativeSshAskPassApp Enter passphrase for key '/c/Users/pLumbum82/.ssh/id_ed25519': 
java_class_path (initial): C:/Program Files/JetBrains/IntelliJ IDEA 2022.1.2/lib/externalProcess-rt.jar;C:/Program Files/JetBrains/IntelliJ IDEA 2022.1.2/lib/app.jar;C:/Program Files/JetBrains/IntelliJ IDEA 2022.1.2/lib/3rd-party-rt.jar
Launcher Type: SUN_STANDARD

[Global flags]
     intx CICompilerCount                          = 4                                         {product} {ergonomic}
     uint ConcGCThreads                            = 3                                         {product} {ergonomic}
     uint G1ConcRefinementThreads                  = 10                                        {product} {ergonomic}
   size_t G1HeapRegionSize                         = 1048576                                   {product} {ergonomic}
    uintx GCDrainStackTargetSize                   = 64                                        {product} {ergonomic}
   size_t InitialHeapSize                          = 268435456                                 {product} {ergonomic}
   size_t MarkStackSize                            = 4194304                                   {product} {ergonomic}
   size_t MaxHeapSize                              = 4278190080                                {product} {ergonomic}
   size_t MinHeapDeltaBytes                        = 1048576                                   {product} {ergonomic}
    uintx NonNMethodCodeHeapSize                   = 5836300                                {pd product} {ergonomic}
    uintx NonProfiledCodeHeapSize                  = 122910970                              {pd product} {ergonomic}
    uintx ProfiledCodeHeapSize                     = 122910970                              {pd product} {ergonomic}
    uintx ReservedCodeCacheSize                    = 251658240                              {pd product} {ergonomic}
     bool SegmentedCodeCache                       = true                                      {product} {ergonomic}
     bool UseCompressedClassPointers               = true                                 {lp64_product} {ergonomic}
     bool UseCompressedOops                        = true                                 {lp64_product} {ergonomic}
     bool UseG1GC                                  = true                                      {product} {ergonomic}
     bool UseLargePagesIndividualAllocation        = false                                  {pd product} {ergonomic}

Logging:
Log output configuration:
 #0: stdout all=warning uptime,level,tags
 #1: stderr all=off uptime,level,tags

Environment Variables:
JAVA_HOME=C:\Program Files\Amazon Corretto\jdk11.0.16_9
PATH=B:\Job\Program Files\Git\mingw64\libexec\git-core;B:\Job\Program Files\Git\mingw64\bin;B:\Job\Program Files\Git\usr\bin;C:\Users\pLumbum82\bin;C:\Program Files\Amazon Corretto\jdk11.0.16_9\bin;C:\WINDOWS\system32;C:\WINDOWS;C:\WINDOWS\System32\Wbem;C:\WINDOWS\System32\WindowsPowerShell\v1.0;C:\WINDOWS\System32\OpenSSH;B:\Job\Program Files\Git\cmd;C:\Program Files (x86)\dotnet;C:\Program Files\Amazon Corretto\apache-maven-3.8.6\bin;C:\Users\pLumbum82\AppData\Local\Microsoft\WindowsApps;C:\Program Files\JetBrains\IntelliJ IDEA 2022.1.2\bin
USERNAME=pLumbum82
DISPLAY=:0.0
LC_ALL=en_US.UTF-8
OS=Windows_NT
PROCESSOR_IDENTIFIER=AMD64 Family 23 Model 8 Stepping 2, AuthenticAMD



---------------  S Y S T E M  ---------------

OS: Windows 10 , 64 bit Build 19041 (10.0.19041.2364)
OS uptime: 0 days 2:36 hours

CPU:total 12 (initial active 12) (12 cores per cpu, 2 threads per core) family 23 model 8 stepping 2 microcode 0x0, cmov, cx8, fxsr, mmx, sse, sse2, sse3, ssse3, sse4.1, sse4.2, popcnt, avx, avx2, aes, clmul, mmxext, 3dnowpref, lzcnt, sse4a, ht, tsc, tscinvbit, tscinv, bmi1, bmi2, adx, sha, fma

Memory: 4k page, system-wide physical 16315M (4799M free)
TotalPageFile size 16315M (AvailPageFile size 236M)
current process WorkingSet (physical memory assigned to process): 10M, peak: 10M
current process commit charge ("private bytes"): 64M, peak: 320M

vm_info: OpenJDK 64-Bit Server VM (11.0.15+10-b2043.56) for windows-amd64 JRE (11.0.15+10-b2043.56), built on May 16 2022 02:28:12 by "" with MS VC++ 14.0 (VS2015)

END.
